[0406/171708.751:WARNING:angle_platform_impl.cc(52)] compileToBinary(256): 
C:\fakepath(40,7-55): warning X3571: pow(f, e) will not work for negative f, use abs(f) or conditionally handle negative values if you expect them
C:\fakepath(52,8-40): warning X3571: pow(f, e) will not work for negative f, use abs(f) or conditionally handle negative values if you expect them

[0406/171711.616:WARNING:angle_platform_impl.cc(52)] compileToBinary(256): 
C:\fakepath(75,10-46): warning X3571: pow(f, e) will not work for negative f, use abs(f) or conditionally handle negative values if you expect them
C:\fakepath(98,10-46): warning X3571: pow(f, e) will not work for negative f, use abs(f) or conditionally handle negative values if you expect them

[0406/171713.025:ERROR:ssl_client_socket_impl.cc(935)] handshake failed; returned -1, SSL error code 1, net_error -200
[0406/172005.418:WARNING:angle_platform_impl.cc(52)] compileToBinary(256): 
C:\fakepath(40,7-55): warning X3571: pow(f, e) will not work for negative f, use abs(f) or conditionally handle negative values if you expect them
C:\fakepath(52,8-40): warning X3571: pow(f, e) will not work for negative f, use abs(f) or conditionally handle negative values if you expect them

[0406/172009.519:WARNING:angle_platform_impl.cc(52)] compileToBinary(256): 
C:\fakepath(60,7-55): warning X3571: pow(f, e) will not work for negative f, use abs(f) or conditionally handle negative values if you expect them
C:\fakepath(72,8-40): warning X3571: pow(f, e) will not work for negative f, use abs(f) or conditionally handle negative values if you expect them

[0406/172009.703:INFO:CONSOLE(0)] "A cookie associated with a cross-site resource at http://za.zalo.me/ was set without the `SameSite` attribute. A future release of Chrome will only deliver cookies with cross-site requests if they are set with `SameSite=None` and `Secure`. You can review cookies in developer tools under Application>Storage>Cookies and see more details at https://www.chromestatus.com/feature/5088147346030592 and https://www.chromestatus.com/feature/5633521622188032.", source: https://baomoi.com/phong-chong-dich-covid-19/top/328.epi (0)
[0406/172009.706:INFO:CONSOLE(0)] "A cookie associated with a cross-site resource at http://zalo.me/ was set without the `SameSite` attribute. A future release of Chrome will only deliver cookies with cross-site requests if they are set with `SameSite=None` and `Secure`. You can review cookies in developer tools under Application>Storage>Cookies and see more details at https://www.chromestatus.com/feature/5088147346030592 and https://www.chromestatus.com/feature/5633521622188032.", source: https://baomoi.com/phong-chong-dich-covid-19/top/328.epi (0)
[0406/172009.802:INFO:CONSOLE(17)] "[object Object]", source: https://baomoi-static.zadn.vn/web/js/baomoi-dist-min-1.5.0.js (17)
[0406/172010.086:WARNING:angle_platform_impl.cc(52)] compileToBinary(256): 
C:\fakepath(75,10-46): warning X3571: pow(f, e) will not work for negative f, use abs(f) or conditionally handle negative values if you expect them
C:\fakepath(98,10-46): warning X3571: pow(f, e) will not work for negative f, use abs(f) or conditionally handle negative values if you expect them

[0406/172010.083:INFO:CONSOLE(1)] "Uncaught (in promise) ReferenceError: Notification is not defined", source: https://stc.za.zaloapp.com/v3/za.js?v=2.0 (1)
[0406/172010.133:ERROR:ssl_client_socket_impl.cc(935)] handshake failed; returned -1, SSL error code 1, net_error -200
[0406/172011.272:INFO:CONSOLE(0)] "A cookie associated with a cross-site resource at http://www.facebook.com/ was set without the `SameSite` attribute. A future release of Chrome will only deliver cookies with cross-site requests if they are set with `SameSite=None` and `Secure`. You can review cookies in developer tools under Application>Storage>Cookies and see more details at https://www.chromestatus.com/feature/5088147346030592 and https://www.chromestatus.com/feature/5633521622188032.", source: https://baomoi.com/phong-chong-dich-covid-19/top/328.epi (0)
[0406/172026.779:ERROR:ssl_client_socket_impl.cc(935)] handshake failed; returned -1, SSL error code 1, net_error -200
[0406/172027.661:INFO:CONSOLE(17)] "[object Object]", source: https://baomoi-static.zadn.vn/web/js/baomoi-dist-min-1.5.0.js (17)
[0406/172027.870:INFO:CONSOLE(0)] "A cookie associated with a cross-site resource at http://zalo.me/ was set without the `SameSite` attribute. A future release of Chrome will only deliver cookies with cross-site requests if they are set with `SameSite=None` and `Secure`. You can review cookies in developer tools under Application>Storage>Cookies and see more details at https://www.chromestatus.com/feature/5088147346030592 and https://www.chromestatus.com/feature/5633521622188032.", source: https://baomoi.com/phong-chong-dich-covid-19/top/328.epi (0)
[0406/172027.986:INFO:CONSOLE(0)] "A cookie associated with a cross-site resource at http://www.facebook.com/ was set without the `SameSite` attribute. A future release of Chrome will only deliver cookies with cross-site requests if they are set with `SameSite=None` and `Secure`. You can review cookies in developer tools under Application>Storage>Cookies and see more details at https://www.chromestatus.com/feature/5088147346030592 and https://www.chromestatus.com/feature/5633521622188032.", source: https://baomoi.com/phong-chong-dich-covid-19/top/328.epi (0)
[0406/172028.010:INFO:CONSOLE(1)] "Uncaught (in promise) ReferenceError: Notification is not defined", source: https://stc.za.zaloapp.com/v3/za.js?v=2.0 (1)
[0406/172032.843:INFO:CONSOLE(0)] "A cookie associated with a cross-site resource at http://zalo.me/ was set without the `SameSite` attribute. A future release of Chrome will only deliver cookies with cross-site requests if they are set with `SameSite=None` and `Secure`. You can review cookies in developer tools under Application>Storage>Cookies and see more details at https://www.chromestatus.com/feature/5088147346030592 and https://www.chromestatus.com/feature/5633521622188032.", source: https://zingmp3.vn/album/Cung-Nhau-Day-Xa-Corona-Various-Artist/60I080O8.html (0)
[0406/172033.056:ERROR:ssl_client_socket_impl.cc(935)] handshake failed; returned -1, SSL error code 1, net_error -200
[0406/172033.582:INFO:CONSOLE(2)] "Zalo Social Plugin is loaded successfully", source: https://sp.zalo.me/plugins/sdk.js (2)
[0406/172033.715:INFO:CONSOLE(1)] "Uncaught (in promise) ReferenceError: Notification is not defined", source: https://stc.za.zaloapp.com/v3/za.js (1)
[0406/172034.187:INFO:CONSOLE(0)] "A cookie associated with a cross-site resource at http://www.facebook.com/ was set without the `SameSite` attribute. A future release of Chrome will only deliver cookies with cross-site requests if they are set with `SameSite=None` and `Secure`. You can review cookies in developer tools under Application>Storage>Cookies and see more details at https://www.chromestatus.com/feature/5088147346030592 and https://www.chromestatus.com/feature/5633521622188032.", source: https://zingmp3.vn/album/Cung-Nhau-Day-Xa-Corona-Various-Artist/60I080O8.html (0)
[0406/172037.738:INFO:CONSOLE(1)] "InitAds", source: https://static-zmp3.zadn.vn/skins/zmp3-v5.2/static/js/main.63576ae5.js (1)
[0406/172039.103:WARNING:angle_platform_impl.cc(52)] compileToBinary(256): 
C:\fakepath(113,7-55): warning X3571: pow(f, e) will not work for negative f, use abs(f) or conditionally handle negative values if you expect them
C:\fakepath(125,8-40): warning X3571: pow(f, e) will not work for negative f, use abs(f) or conditionally handle negative values if you expect them

[0406/172039.305:INFO:CONSOLE(0)] "A cookie associated with a cross-site resource at http://api.adtimaserver.vn/ was set without the `SameSite` attribute. A future release of Chrome will only deliver cookies with cross-site requests if they are set with `SameSite=None` and `Secure`. You can review cookies in developer tools under Application>Storage>Cookies and see more details at https://www.chromestatus.com/feature/5088147346030592 and https://www.chromestatus.com/feature/5633521622188032.", source: https://zingmp3.vn/album/Cung-Nhau-Day-Xa-Corona-Various-Artist/60I080O8.html (0)
[0406/172039.397:WARNING:angle_platform_impl.cc(52)] compileToBinary(256): 
C:\fakepath(49,7-55): warning X3571: pow(f, e) will not work for negative f, use abs(f) or conditionally handle negative values if you expect them
C:\fakepath(61,8-40): warning X3571: pow(f, e) will not work for negative f, use abs(f) or conditionally handle negative values if you expect them

[0406/172154.932:WARNING:sync_reader.cc(170)] ASR: No room in socket buffer.: The pipe is being closed. (0xE8)
[0406/172155.417:INFO:CONSOLE(0)] "A cookie associated with a cross-site resource at http://zalo.me/ was set without the `SameSite` attribute. A future release of Chrome will only deliver cookies with cross-site requests if they are set with `SameSite=None` and `Secure`. You can review cookies in developer tools under Application>Storage>Cookies and see more details at https://www.chromestatus.com/feature/5088147346030592 and https://www.chromestatus.com/feature/5633521622188032.", source: https://thanhnien.vn/tin-tuc/covid-19.html (0)
[0406/172155.716:ERROR:ssl_client_socket_impl.cc(935)] handshake failed; returned -1, SSL error code 1, net_error -200
[0406/172156.844:INFO:CONSOLE(1)] "Uncaught ReferenceError: Notification is not defined", source: https://static.thanhnien.vn/v3/Jscripts/pns/epi_main_272.js?7.5 (1)
[0406/172157.312:INFO:CONSOLE(2)] "Zalo Social Plugin is loaded successfully", source: https://sp.zalo.me/plugins/sdk.js (2)
[0406/172158.546:INFO:CONSOLE(0)] "A cookie associated with a cross-site resource at http://www.facebook.com/ was set without the `SameSite` attribute. A future release of Chrome will only deliver cookies with cross-site requests if they are set with `SameSite=None` and `Secure`. You can review cookies in developer tools under Application>Storage>Cookies and see more details at https://www.chromestatus.com/feature/5088147346030592 and https://www.chromestatus.com/feature/5633521622188032.", source: https://thanhnien.vn/tin-tuc/covid-19.html (0)
[0406/172200.300:INFO:CONSOLE(1)] "Uncaught (in promise) ReferenceError: Notification is not defined", source: https://stc.za.zaloapp.com/v3/za.js?18358 (1)
[0406/172200.353:INFO:CONSOLE(0)] "A cookie associated with a cross-site resource at http://thanhnien.vn/ was set without the `SameSite` attribute. A future release of Chrome will only deliver cookies with cross-site requests if they are set with `SameSite=None` and `Secure`. You can review cookies in developer tools under Application>Storage>Cookies and see more details at https://www.chromestatus.com/feature/5088147346030592 and https://www.chromestatus.com/feature/5633521622188032.", source: https://thanhnien.vn/tin-tuc/covid-19.html (0)
[0406/172200.527:INFO:CONSOLE(0)] "A cookie associated with a cross-site resource at http://toast.com/ was set without the `SameSite` attribute. A future release of Chrome will only deliver cookies with cross-site requests if they are set with `SameSite=None` and `Secure`. You can review cookies in developer tools under Application>Storage>Cookies and see more details at https://www.chromestatus.com/feature/5088147346030592 and https://www.chromestatus.com/feature/5633521622188032.", source: https://thanhnien.vn/tin-tuc/covid-19.html (0)
[0406/172208.151:INFO:CONSOLE(0)] "The resource https://static.thanhnien.vn/v3/jscripts/profile.js?1.6.1 was preloaded using link preload but not used within a few seconds from the window's load event. Please make sure it has an appropriate `as` value and it is preloaded intentionally.", source:  (0)
[0406/172208.159:INFO:CONSOLE(0)] "The resource https://static.thanhnien.vn/v3/jscripts/pns/epi_main_272.js?7.5 was preloaded using link preload but not used within a few seconds from the window's load event. Please make sure it has an appropriate `as` value and it is preloaded intentionally.", source:  (0)
[0406/172247.523:ERROR:ssl_client_socket_impl.cc(935)] handshake failed; returned -1, SSL error code 1, net_error -200
[0406/172248.609:INFO:CONSOLE(0)] "A cookie associated with a cross-site resource at http://zalo.me/ was set without the `SameSite` attribute. A future release of Chrome will only deliver cookies with cross-site requests if they are set with `SameSite=None` and `Secure`. You can review cookies in developer tools under Application>Storage>Cookies and see more details at https://www.chromestatus.com/feature/5088147346030592 and https://www.chromestatus.com/feature/5633521622188032.", source: https://baomoi.com/phong-chong-dich-covid-19/top/328.epi (0)
[0406/172248.707:INFO:CONSOLE(17)] "[object Object]", source: https://baomoi-static.zadn.vn/web/js/baomoi-dist-min-1.5.0.js (17)
[0406/172248.853:INFO:CONSOLE(1)] "Uncaught (in promise) ReferenceError: Notification is not defined", source: https://stc.za.zaloapp.com/v3/za.js?v=2.0 (1)
[0406/172249.245:INFO:CONSOLE(0)] "A cookie associated with a cross-site resource at http://www.facebook.com/ was set without the `SameSite` attribute. A future release of Chrome will only deliver cookies with cross-site requests if they are set with `SameSite=None` and `Secure`. You can review cookies in developer tools under Application>Storage>Cookies and see more details at https://www.chromestatus.com/feature/5088147346030592 and https://www.chromestatus.com/feature/5633521622188032.", source: https://baomoi.com/phong-chong-dich-covid-19/top/328.epi (0)
[0406/172300.522:ERROR:batching_media_log.cc(26)] MediaEvent: MEDIA_ERROR_LOG_ENTRY {"error":"FFmpegDemuxer: no supported streams"}
[0406/172300.522:ERROR:batching_media_log.cc(26)] MediaEvent: MEDIA_ERROR_LOG_ENTRY {"error":"FFmpegDemuxer: no supported streams"}
[0406/172300.522:ERROR:batching_media_log.cc(26)] MediaEvent: MEDIA_ERROR_LOG_ENTRY {"error":"FFmpegDemuxer: no supported streams"}
[0406/172300.543:ERROR:batching_media_log.cc(26)] MediaEvent: MEDIA_ERROR_LOG_ENTRY {"error":"FFmpegDemuxer: no supported streams"}
[0406/172300.637:ERROR:ssl_client_socket_impl.cc(935)] handshake failed; returned -1, SSL error code 1, net_error -200
[0406/172301.744:ERROR:batching_media_log.cc(26)] MediaEvent: PIPELINE_ERROR DEMUXER_ERROR_NO_SUPPORTED_STREAMS
[0406/172301.745:ERROR:batching_media_log.cc(26)] MediaEvent: PIPELINE_ERROR DEMUXER_ERROR_NO_SUPPORTED_STREAMS
[0406/172301.745:ERROR:batching_media_log.cc(26)] MediaEvent: PIPELINE_ERROR DEMUXER_ERROR_NO_SUPPORTED_STREAMS
[0406/172301.748:ERROR:batching_media_log.cc(26)] MediaEvent: PIPELINE_ERROR DEMUXER_ERROR_NO_SUPPORTED_STREAMS
[0406/172301.870:INFO:CONSOLE(17)] "lnbpr", source: https://baomoi-static.zadn.vn/web/js/baomoi-dist-min-1.5.0.js (17)
[0406/172301.932:INFO:CONSOLE(17)] "[object Object]", source: https://baomoi-static.zadn.vn/web/js/baomoi-dist-min-1.5.0.js (17)
[0406/172301.995:INFO:CONSOLE(0)] "A cookie associated with a cross-site resource at http://zalo.me/ was set without the `SameSite` attribute. A future release of Chrome will only deliver cookies with cross-site requests if they are set with `SameSite=None` and `Secure`. You can review cookies in developer tools under Application>Storage>Cookies and see more details at https://www.chromestatus.com/feature/5088147346030592 and https://www.chromestatus.com/feature/5633521622188032.", source: https://baomoi.com/ (0)
[0406/172302.019:INFO:CONSOLE(0)] "A cookie associated with a cross-site resource at http://www.facebook.com/ was set without the `SameSite` attribute. A future release of Chrome will only deliver cookies with cross-site requests if they are set with `SameSite=None` and `Secure`. You can review cookies in developer tools under Application>Storage>Cookies and see more details at https://www.chromestatus.com/feature/5088147346030592 and https://www.chromestatus.com/feature/5633521622188032.", source: https://baomoi.com/ (0)
[0406/172302.492:INFO:CONSOLE(1)] "Uncaught (in promise) ReferenceError: Notification is not defined", source: https://stc.za.zaloapp.com/v3/za.js?v=2.0 (1)
[0406/172303.736:INFO:CONSOLE(0)] "A cookie associated with a cross-site resource at http://api.adtimaserver.vn/ was set without the `SameSite` attribute. A future release of Chrome will only deliver cookies with cross-site requests if they are set with `SameSite=None` and `Secure`. You can review cookies in developer tools under Application>Storage>Cookies and see more details at https://www.chromestatus.com/feature/5088147346030592 and https://www.chromestatus.com/feature/5633521622188032.", source: https://baomoi.com/ (0)
[0406/172304.315:ERROR:ssl_client_socket_impl.cc(935)] handshake failed; returned -1, SSL error code 1, net_error -200
[0406/172305.191:INFO:CONSOLE(0)] "A cookie associated with a cross-site resource at http://lg.nanda.vn/ was set without the `SameSite` attribute. A future release of Chrome will only deliver cookies with cross-site requests if they are set with `SameSite=None` and `Secure`. You can review cookies in developer tools under Application>Storage>Cookies and see more details at https://www.chromestatus.com/feature/5088147346030592 and https://www.chromestatus.com/feature/5633521622188032.", source: https://baomoi.com/ (0)
[0406/172305.274:INFO:CONSOLE(17)] "lupr", source: https://baomoi-static.zadn.vn/web/js/baomoi-dist-min-1.5.0.js (17)
[0406/172305.605:ERROR:ssl_client_socket_impl.cc(935)] handshake failed; returned -1, SSL error code 1, net_error -200
[0406/172306.129:INFO:CONSOLE(0)] "A cookie associated with a cross-site resource at http://brand-display.com/ was set without the `SameSite` attribute. A future release of Chrome will only deliver cookies with cross-site requests if they are set with `SameSite=None` and `Secure`. You can review cookies in developer tools under Application>Storage>Cookies and see more details at https://www.chromestatus.com/feature/5088147346030592 and https://www.chromestatus.com/feature/5633521622188032.", source: https://baomoi.com/ (0)
[0406/172306.129:INFO:CONSOLE(0)] "A cookie associated with a cross-site resource at https://brand-display.com/ was set without the `SameSite` attribute. A future release of Chrome will only deliver cookies with cross-site requests if they are set with `SameSite=None` and `Secure`. You can review cookies in developer tools under Application>Storage>Cookies and see more details at https://www.chromestatus.com/feature/5088147346030592 and https://www.chromestatus.com/feature/5633521622188032.", source: https://baomoi.com/ (0)
[0406/172306.781:INFO:CONSOLE(0)] "A cookie associated with a cross-site resource at http://csync.loopme.me/ was set without the `SameSite` attribute. A future release of Chrome will only deliver cookies with cross-site requests if they are set with `SameSite=None` and `Secure`. You can review cookies in developer tools under Application>Storage>Cookies and see more details at https://www.chromestatus.com/feature/5088147346030592 and https://www.chromestatus.com/feature/5633521622188032.", source: https://baomoi.com/ (0)
[0406/172318.895:INFO:CONSOLE(0)] "A cookie associated with a cross-site resource at https://accounts.google.com/ was set without the `SameSite` attribute. A future release of Chrome will only deliver cookies with cross-site requests if they are set with `SameSite=None` and `Secure`. You can review cookies in developer tools under Application>Storage>Cookies and see more details at https://www.chromestatus.com/feature/5088147346030592 and https://www.chromestatus.com/feature/5633521622188032.", source: https://www.youtube.com/results?search_query=covid+19 (0)
[0406/172318.895:INFO:CONSOLE(0)] "Refused to display 'https://accounts.google.com/ServiceLogin?service=youtube&uilel=3&passive=true&hl=en&continue=https%3A%2F%2Fwww.youtube.com%2Fsignin%3Faction_handle_signin%3Dtrue%26hl%3Den%26next%3D%252Fsignin_passive%26app%3Ddesktop%26feature%3Dpassive' in a frame because it set 'X-Frame-Options' to 'deny'.", source: https://www.youtube.com/results?search_query=covid+19 (0)
[0406/172321.298:ERROR:ssl_client_socket_impl.cc(935)] handshake failed; returned -1, SSL error code 1, net_error -200
[0406/172325.838:INFO:CONSOLE(0)] "The resource https://i.ytimg.com/generate_204 was preloaded using link preload but not used within a few seconds from the window's load event. Please make sure it has an appropriate `as` value and it is preloaded intentionally.", source:  (0)
[0406/172333.309:WARNING:spdy_session.cc(3316)] Received HEADERS for invalid stream 33
[0406/172333.436:WARNING:spdy_session.cc(3316)] Received HEADERS for invalid stream 39
[0406/172333.956:WARNING:spdy_session.cc(3316)] Received HEADERS for invalid stream 37
[0406/172334.473:WARNING:spdy_session.cc(3316)] Received HEADERS for invalid stream 53
[0406/172334.785:WARNING:spdy_session.cc(3316)] Received HEADERS for invalid stream 47
[0406/172335.303:WARNING:spdy_session.cc(3316)] Received HEADERS for invalid stream 55
[0406/172336.059:WARNING:spdy_session.cc(3316)] Received HEADERS for invalid stream 57
[0406/172336.537:WARNING:spdy_session.cc(3316)] Received HEADERS for invalid stream 59
[0406/172337.088:WARNING:spdy_session.cc(3316)] Received HEADERS for invalid stream 61
[0406/172345.284:INFO:CONSOLE(20)] "chrome.loadTimes() is deprecated, instead use standardized API: nextHopProtocol in Navigation Timing 2. https://www.chromestatus.com/features/5637885046816768.", source: https://www.youtube.com/yts/jsbin/network-vflol_paz/network.js (20)
[0406/172355.481:ERROR:ssl_client_socket_impl.cc(935)] handshake failed; returned -1, SSL error code 1, net_error -200
[0406/172356.044:ERROR:ssl_client_socket_impl.cc(935)] handshake failed; returned -1, SSL error code 1, net_error -200
[0406/172356.444:WARNING:angle_platform_impl.cc(52)] compileToBinary(256): 
C:\fakepath(71,7-55): warning X3571: pow(f, e) will not work for negative f, use abs(f) or conditionally handle negative values if you expect them
C:\fakepath(83,8-40): warning X3571: pow(f, e) will not work for negative f, use abs(f) or conditionally handle negative values if you expect them

[0406/172522.337:ERROR:ssl_client_socket_impl.cc(935)] handshake failed; returned -1, SSL error code 1, net_error -200
[0406/172555.519:ERROR:ssl_client_socket_impl.cc(935)] handshake failed; returned -1, SSL error code 1, net_error -200
[0406/172613.996:ERROR:ssl_client_socket_impl.cc(935)] handshake failed; returned -1, SSL error code 1, net_error -200
[0406/172614.071:INFO:CONSOLE(0)] "A cookie associated with a cross-site resource at https://accounts.google.com/ was set without the `SameSite` attribute. A future release of Chrome will only deliver cookies with cross-site requests if they are set with `SameSite=None` and `Secure`. You can review cookies in developer tools under Application>Storage>Cookies and see more details at https://www.chromestatus.com/feature/5088147346030592 and https://www.chromestatus.com/feature/5633521622188032.", source: https://www.24h.com.vn/dich-covid-19-c62e6058.html (0)
[0406/172619.958:INFO:CONSOLE(1)] "ads-not-delivery:ADS_144_15s", source: https://cdn.24h.com.vn/js/common_092018_pc.min.js?v=202003271 (1)
[0406/172619.960:INFO:CONSOLE(1)] "ads-not-delivery:ADS_145_15s", source: https://cdn.24h.com.vn/js/common_092018_pc.min.js?v=202003271 (1)
[0406/172619.962:INFO:CONSOLE(1)] "ads-not-delivery:ADS_140_15s", source: https://cdn.24h.com.vn/js/common_092018_pc.min.js?v=202003271 (1)
[0406/172619.964:INFO:CONSOLE(1)] "ads-not-delivery:ADS_141_15s", source: https://cdn.24h.com.vn/js/common_092018_pc.min.js?v=202003271 (1)
[0406/172619.966:INFO:CONSOLE(1)] "ads-not-delivery:ADS_142_15s", source: https://cdn.24h.com.vn/js/common_092018_pc.min.js?v=202003271 (1)
[0406/172630.994:WARNING:spdy_session.cc(3316)] Received HEADERS for invalid stream 121
[0406/172631.028:WARNING:spdy_session.cc(3316)] Received HEADERS for invalid stream 123
[0406/172632.499:INFO:CONSOLE(17)] "[object Object]", source: https://baomoi-static.zadn.vn/web/js/baomoi-dist-min-1.5.0.js (17)
[0406/172632.550:INFO:CONSOLE(0)] "A cookie associated with a cross-site resource at https://accounts.google.com/ was set without the `SameSite` attribute. A future release of Chrome will only deliver cookies with cross-site requests if they are set with `SameSite=None` and `Secure`. You can review cookies in developer tools under Application>Storage>Cookies and see more details at https://www.chromestatus.com/feature/5088147346030592 and https://www.chromestatus.com/feature/5633521622188032.", source: https://baomoi.com/tag/COVID_19.epi (0)
[0406/172632.574:ERROR:ssl_client_socket_impl.cc(935)] handshake failed; returned -1, SSL error code 1, net_error -200
[0406/172633.062:INFO:CONSOLE(0)] "A cookie associated with a cross-site resource at http://zalo.me/ was set without the `SameSite` attribute. A future release of Chrome will only deliver cookies with cross-site requests if they are set with `SameSite=None` and `Secure`. You can review cookies in developer tools under Application>Storage>Cookies and see more details at https://www.chromestatus.com/feature/5088147346030592 and https://www.chromestatus.com/feature/5633521622188032.", source: https://baomoi.com/tag/COVID_19.epi (0)
[0406/172633.197:INFO:CONSOLE(1)] "Uncaught (in promise) ReferenceError: Notification is not defined", source: https://stc.za.zaloapp.com/v3/za.js?v=2.0 (1)
[0406/172633.441:INFO:CONSOLE(0)] "A cookie associated with a cross-site resource at http://api.adtimaserver.vn/ was set without the `SameSite` attribute. A future release of Chrome will only deliver cookies with cross-site requests if they are set with `SameSite=None` and `Secure`. You can review cookies in developer tools under Application>Storage>Cookies and see more details at https://www.chromestatus.com/feature/5088147346030592 and https://www.chromestatus.com/feature/5633521622188032.", source: https://baomoi.com/tag/COVID_19.epi (0)
[0406/172633.493:ERROR:ssl_client_socket_impl.cc(935)] handshake failed; returned -1, SSL error code 1, net_error -200
[0406/172633.678:INFO:CONSOLE(0)] "A cookie associated with a cross-site resource at http://www.facebook.com/ was set without the `SameSite` attribute. A future release of Chrome will only deliver cookies with cross-site requests if they are set with `SameSite=None` and `Secure`. You can review cookies in developer tools under Application>Storage>Cookies and see more details at https://www.chromestatus.com/feature/5088147346030592 and https://www.chromestatus.com/feature/5633521622188032.", source: https://baomoi.com/tag/COVID_19.epi (0)
[0406/172635.697:INFO:CONSOLE(17)] "lupr", source: https://baomoi-static.zadn.vn/web/js/baomoi-dist-min-1.5.0.js (17)
[0406/172636.560:INFO:CONSOLE(28)] "-- ATM info -- Performance check: 1181.810791015625ms", source: https://storage.googleapis.com/adasia-ad-network-origin/atm/library/avmLibrary.js (28)
[0406/172722.351:ERROR:ssl_client_socket_impl.cc(935)] handshake failed; returned -1, SSL error code 1, net_error -200
[0406/172722.824:INFO:CONSOLE(0)] "A cookie associated with a cross-site resource at https://accounts.google.com/ was set without the `SameSite` attribute. A future release of Chrome will only deliver cookies with cross-site requests if they are set with `SameSite=None` and `Secure`. You can review cookies in developer tools under Application>Storage>Cookies and see more details at https://www.chromestatus.com/feature/5088147346030592 and https://www.chromestatus.com/feature/5633521622188032.", source: https://baomoi.com/ (0)
[0406/172724.273:INFO:CONSOLE(17)] "[object Object]", source: https://baomoi-static.zadn.vn/web/js/baomoi-dist-min-1.5.0.js (17)
[0406/172724.292:INFO:CONSOLE(17)] "lnbpr", source: https://baomoi-static.zadn.vn/web/js/baomoi-dist-min-1.5.0.js (17)
[0406/172724.431:INFO:CONSOLE(0)] "A cookie associated with a cross-site resource at http://zalo.me/ was set without the `SameSite` attribute. A future release of Chrome will only deliver cookies with cross-site requests if they are set with `SameSite=None` and `Secure`. You can review cookies in developer tools under Application>Storage>Cookies and see more details at https://www.chromestatus.com/feature/5088147346030592 and https://www.chromestatus.com/feature/5633521622188032.", source: https://baomoi.com/ (0)
[0406/172724.458:ERROR:batching_media_log.cc(26)] MediaEvent: MEDIA_ERROR_LOG_ENTRY {"error":"FFmpegDemuxer: no supported streams"}
[0406/172724.458:ERROR:batching_media_log.cc(26)] MediaEvent: MEDIA_ERROR_LOG_ENTRY {"error":"FFmpegDemuxer: no supported streams"}
[0406/172724.459:ERROR:batching_media_log.cc(26)] MediaEvent: MEDIA_ERROR_LOG_ENTRY {"error":"FFmpegDemuxer: no supported streams"}
[0406/172724.687:ERROR:batching_media_log.cc(26)] MediaEvent: PIPELINE_ERROR DEMUXER_ERROR_NO_SUPPORTED_STREAMS
[0406/172724.687:ERROR:batching_media_log.cc(26)] MediaEvent: PIPELINE_ERROR DEMUXER_ERROR_NO_SUPPORTED_STREAMS
[0406/172724.688:ERROR:batching_media_log.cc(26)] MediaEvent: PIPELINE_ERROR DEMUXER_ERROR_NO_SUPPORTED_STREAMS
[0406/172724.809:INFO:CONSOLE(0)] "A cookie associated with a cross-site resource at http://api.adtimaserver.vn/ was set without the `SameSite` attribute. A future release of Chrome will only deliver cookies with cross-site requests if they are set with `SameSite=None` and `Secure`. You can review cookies in developer tools under Application>Storage>Cookies and see more details at https://www.chromestatus.com/feature/5088147346030592 and https://www.chromestatus.com/feature/5633521622188032.", source: https://baomoi.com/ (0)
[0406/172725.293:INFO:CONSOLE(1)] "Uncaught (in promise) ReferenceError: Notification is not defined", source: https://stc.za.zaloapp.com/v3/za.js?v=2.0 (1)
[0406/172725.294:INFO:CONSOLE(0)] "A cookie associated with a cross-site resource at http://www.facebook.com/ was set without the `SameSite` attribute. A future release of Chrome will only deliver cookies with cross-site requests if they are set with `SameSite=None` and `Secure`. You can review cookies in developer tools under Application>Storage>Cookies and see more details at https://www.chromestatus.com/feature/5088147346030592 and https://www.chromestatus.com/feature/5633521622188032.", source: https://baomoi.com/ (0)
[0406/172725.359:ERROR:ssl_client_socket_impl.cc(935)] handshake failed; returned -1, SSL error code 1, net_error -200
[0406/172727.453:INFO:CONSOLE(17)] "lupr", source: https://baomoi-static.zadn.vn/web/js/baomoi-dist-min-1.5.0.js (17)
[0406/173622.396:WARNING:angle_platform_impl.cc(52)] compileToBinary(256): 
C:\fakepath(40,7-55): warning X3571: pow(f, e) will not work for negative f, use abs(f) or conditionally handle negative values if you expect them
C:\fakepath(52,8-40): warning X3571: pow(f, e) will not work for negative f, use abs(f) or conditionally handle negative values if you expect them

[0406/173626.545:WARNING:spdy_session.cc(3316)] Received HEADERS for invalid stream 1
[0406/173626.968:WARNING:angle_platform_impl.cc(52)] compileToBinary(256): 
C:\fakepath(60,7-55): warning X3571: pow(f, e) will not work for negative f, use abs(f) or conditionally handle negative values if you expect them
C:\fakepath(72,8-40): warning X3571: pow(f, e) will not work for negative f, use abs(f) or conditionally handle negative values if you expect them

[0406/173627.767:ERROR:ssl_client_socket_impl.cc(935)] handshake failed; returned -1, SSL error code 1, net_error -200
[0406/173627.768:WARNING:angle_platform_impl.cc(52)] compileToBinary(256): 
C:\fakepath(75,10-46): warning X3571: pow(f, e) will not work for negative f, use abs(f) or conditionally handle negative values if you expect them
C:\fakepath(98,10-46): warning X3571: pow(f, e) will not work for negative f, use abs(f) or conditionally handle negative values if you expect them

[0406/173628.997:INFO:CONSOLE(17)] "[object Object]", source: https://baomoi-static.zadn.vn/web/js/baomoi-dist-min-1.5.0.js (17)
[0406/173629.551:INFO:CONSOLE(0)] "A cookie associated with a cross-site resource at http://za.zalo.me/ was set without the `SameSite` attribute. A future release of Chrome will only deliver cookies with cross-site requests if they are set with `SameSite=None` and `Secure`. You can review cookies in developer tools under Application>Storage>Cookies and see more details at https://www.chromestatus.com/feature/5088147346030592 and https://www.chromestatus.com/feature/5633521622188032.", source: https://baomoi.com/tag/COVID_19.epi (0)
[0406/173629.551:INFO:CONSOLE(0)] "A cookie associated with a cross-site resource at http://zalo.me/ was set without the `SameSite` attribute. A future release of Chrome will only deliver cookies with cross-site requests if they are set with `SameSite=None` and `Secure`. You can review cookies in developer tools under Application>Storage>Cookies and see more details at https://www.chromestatus.com/feature/5088147346030592 and https://www.chromestatus.com/feature/5633521622188032.", source: https://baomoi.com/tag/COVID_19.epi (0)
[0406/173629.559:INFO:CONSOLE(17)] "lupr", source: https://baomoi-static.zadn.vn/web/js/baomoi-dist-min-1.5.0.js (17)
[0406/173629.754:INFO:CONSOLE(1)] "Uncaught (in promise) ReferenceError: Notification is not defined", source: https://stc.za.zaloapp.com/v3/za.js?v=2.0 (1)
[0406/173630.110:INFO:CONSOLE(0)] "A cookie associated with a cross-site resource at http://api.adtimaserver.vn/ was set without the `SameSite` attribute. A future release of Chrome will only deliver cookies with cross-site requests if they are set with `SameSite=None` and `Secure`. You can review cookies in developer tools under Application>Storage>Cookies and see more details at https://www.chromestatus.com/feature/5088147346030592 and https://www.chromestatus.com/feature/5633521622188032.", source: https://baomoi.com/tag/COVID_19.epi (0)
[0406/173630.177:ERROR:ssl_client_socket_impl.cc(935)] handshake failed; returned -1, SSL error code 1, net_error -200
[0406/173630.410:INFO:CONSOLE(0)] "A cookie associated with a cross-site resource at http://lg.nanda.vn/ was set without the `SameSite` attribute. A future release of Chrome will only deliver cookies with cross-site requests if they are set with `SameSite=None` and `Secure`. You can review cookies in developer tools under Application>Storage>Cookies and see more details at https://www.chromestatus.com/feature/5088147346030592 and https://www.chromestatus.com/feature/5633521622188032.", source: https://baomoi.com/tag/COVID_19.epi (0)
[0406/173630.424:INFO:CONSOLE(0)] "A cookie associated with a cross-site resource at http://www.facebook.com/ was set without the `SameSite` attribute. A future release of Chrome will only deliver cookies with cross-site requests if they are set with `SameSite=None` and `Secure`. You can review cookies in developer tools under Application>Storage>Cookies and see more details at https://www.chromestatus.com/feature/5088147346030592 and https://www.chromestatus.com/feature/5633521622188032.", source: https://baomoi.com/tag/COVID_19.epi (0)
[0406/173630.656:ERROR:ssl_client_socket_impl.cc(935)] handshake failed; returned -1, SSL error code 1, net_error -200
[0406/173631.058:INFO:CONSOLE(0)] "A cookie associated with a cross-site resource at http://brand-display.com/ was set without the `SameSite` attribute. A future release of Chrome will only deliver cookies with cross-site requests if they are set with `SameSite=None` and `Secure`. You can review cookies in developer tools under Application>Storage>Cookies and see more details at https://www.chromestatus.com/feature/5088147346030592 and https://www.chromestatus.com/feature/5633521622188032.", source: https://baomoi.com/tag/COVID_19.epi (0)
[0406/173631.061:INFO:CONSOLE(0)] "A cookie associated with a cross-site resource at https://brand-display.com/ was set without the `SameSite` attribute. A future release of Chrome will only deliver cookies with cross-site requests if they are set with `SameSite=None` and `Secure`. You can review cookies in developer tools under Application>Storage>Cookies and see more details at https://www.chromestatus.com/feature/5088147346030592 and https://www.chromestatus.com/feature/5633521622188032.", source: https://baomoi.com/tag/COVID_19.epi (0)
[0406/173631.508:INFO:CONSOLE(0)] "A cookie associated with a cross-site resource at http://csync.loopme.me/ was set without the `SameSite` attribute. A future release of Chrome will only deliver cookies with cross-site requests if they are set with `SameSite=None` and `Secure`. You can review cookies in developer tools under Application>Storage>Cookies and see more details at https://www.chromestatus.com/feature/5088147346030592 and https://www.chromestatus.com/feature/5633521622188032.", source: https://baomoi.com/tag/COVID_19.epi (0)
[0406/173632.119:INFO:CONSOLE(28)] "-- ATM info -- Performance check: 747.381103515625ms", source: https://storage.googleapis.com/adasia-ad-network-origin/atm/library/avmLibrary.js (28)
